Arguments: 
  C:\Program Files\nodejs\node.exe C:\Program Files (x86)\Yarn\bin\yarn.js install

PATH: 
  C:\ProgramData\Oracle\Java\javapath;C:\WINDOWS\system32;C:\WINDOWS;C:\WINDOWS\System32\Wbem;C:\WINDOWS\System32\WindowsPowerShell\v1.0\;C:\Program Files\erl8.0\bin;C:\Program Files (x86)\Elixir\bin;C:\WINDOWS\system32\config\systemprofile\.mix\escripts;C:\Program Files\Git\cmd;C:\Program Files\PuTTY\;C:\Program Files\Java\jdk1.8.0_65\bin;E:\software\Programing\Java\apache-maven-3.3.9\bin;C:\Program Files\nodejs\;C:\Program Files (x86)\Yarn\bin;C:\Program Files\TortoiseGit\bin;C:\Program Files\Microsoft VS Code\bin;C:\Program Files\Heroku\bin;C:\Users\coxan_000\AppData\Roaming\npm;C:\Users\coxan_000\AppData\Local\Yarn\bin;C:\Program Files\Microsoft VS Code\bin

Yarn version: 
  1.1.0

Node version: 
  6.11.0

Platform: 
  win32 x64

npm manifest: 
  {
    "name": "to-do-app",
    "version": "1.0.0",
    "description": "A simple todo app thet uses the Cosmic JS API",
    "main": "index.js",
    "scripts": {
      "start": "npm run build && node server/index.js",
      "start-dev": "nodemon server/index.js",
      "build": "webpack -p",
      "build-dev": "webpack -w",
      "build-sass": "node-sass -w ./client/styles/main.scss -o ./client/styles/mainSheet",
      "test": "echo \"Error: no test specified\" && exit 1"
    },
    "author": "",
    "license": "ISC",
    "dependencies": {
      "axios": "^0.16.1",
      "babel": "^6.5.2",
      "babel-core": "^6.18.0",
      "babel-loader": "^6.2.7",
      "babel-preset-es2015": "^6.18.0",
      "babel-preset-react": "^6.16.0",
      "body-parser": "^1.17.1",
      "css-loader": "^0.28.0",
      "eslint": "^4.8.0",
      "express": "^4.15.2",
      "node-sass": "^4.5.2",
      "react": "^16.8.0-0",
      "react-dom": "^16.3.0",
      "react-redux": "^5.0.4",
      "react-router": "^3.0.0",
      "react-bootstrap": "^1.0.0-beta.6",
      "redux": "^3.6.0",
      "redux-logger": "^3.0.1",
      "redux-thunk": "^2.2.0",
      "sass-loader": "^6.0.3",
      "style-loader": "^0.16.1",
      "volleyball": "^1.4.1",
      "webpack": "^2.2.1"
    },
    "devDependencies": {
      "babel-preset-stage-0": "^6.24.1",
      "chai": "^3.5.0",
      "cross-env": "^3.1.4",
      "eslint-config-airbnb": "^15.1.0",
      "eslint-plugin-import": "^2.7.0",
      "eslint-plugin-jsx-a11y": "^5.1.1",
      "eslint-plugin-react": "^7.4.0",
      "mocha": "^3.1.2",
      "nodemon": "^1.11.0",
      "prop-types": "^15.7.2",
      "pug": "^2.0.3",
      "supertest": "^2.0.1",
      "supertest-as-promised": "^4.0.1",
      "webpack-dev-middleware": "^1.12.2",
      "webpack-hot-middleware": "^2.24.3"
    }
  }

yarn manifest: 
  No manifest

Lockfile: 
  No lockfile

Trace: 
  Error: EPERM: operation not permitted, scandir 'E:\projects\react-redux-demo\node_modules\@types'
      at Error (native)
